[2025-06-19 10:53:46] [data] Array
(
    [project_number] => 1346
    [name] => test
    [description] => 
    [status] => open
    [priority] => high
    [start_date] => 2025-06-20
    [end_date] => 2025-06-20
    [created_by] => 
    [department_id] => 1
    [progress] => 0
    [estimated_hours] => 
    [actual_hours] => 0
    [customer_id] => 1
    [building_size] => 建物規模
    [building_type] => 2F3W
    [project_order_type] => ["新規"]
    [amount] => 
    [created_at] => 2025-06-19 10:53:46
)

