[2025-06-24 11:39:27] [data] Array
(
    [project_number] => 12334
    [name] => test
    [description] => 
    [status] => draft
    [priority] => medium
    [start_date] => 2025-06-25
    [end_date] => 2025-06-27
    [created_by] => 
    [department_id] => 1
    [progress] => 0
    [estimated_hours] => 
    [actual_hours] => 0
    [customer_id] => 1
    [building_size] => 12334
    [building_type] => 12334
    [building_number] => 
    [project_order_type] => ["新規"]
    [amount] => 
    [created_at] => 2025-06-24 11:39:27
)

[2025-06-24 11:40:54] [data] Array
(
    [project_number] => 1323123
    [name] => test
    [description] => 
    [status] => draft
    [priority] => medium
    [start_date] => 2025-06-19
    [end_date] => 2025-06-26
    [created_by] => 
    [department_id] => 1
    [progress] => 0
    [estimated_hours] => 
    [actual_hours] => 0
    [customer_id] => 1
    [building_size] => 1323123
    [building_type] => 1323123
    [building_number] => 
    [project_order_type] => ["新規"]
    [amount] => 
    [created_at] => 2025-06-24 11:40:54
)

[2025-06-24 11:45:10] [data] Array
(
    [project_number] => 13243
    [name] => test
    [description] => aaaaa
    [status] => draft
    [priority] => medium
    [start_date] => 2025-06-20
    [end_date] => 2025-06-27
    [created_by] => 
    [department_id] => 1
    [progress] => 0
    [estimated_hours] => 
    [actual_hours] => 0
    [customer_id] => 1
    [building_size] => 13241
    [building_type] => 13242
    [building_number] => 
    [project_order_type] => ["新規"]
    [amount] => 
    [created_at] => 2025-06-24 11:45:10
)

[2025-06-24 11:45:42] [data] Array
(
    [project_number] => 134122
    [name] => tst
    [description] => 
    [status] => draft
    [priority] => medium
    [start_date] => 2025-06-11
    [end_date] => 2025-06-16
    [created_by] => 
    [department_id] => 1
    [progress] => 0
    [estimated_hours] => 
    [actual_hours] => 0
    [customer_id] => 1
    [building_size] => 13412
    [building_type] => 13412
    [building_number] => 
    [project_order_type] => ["新規"]
    [amount] => 
    [created_at] => 2025-06-24 11:45:42
)

[2025-06-24 11:45:47] [data] Array
(
    [project_number] => 134122
    [name] => tst
    [description] => 
    [status] => draft
    [priority] => medium
    [start_date] => 2025-06-11
    [end_date] => 2025-06-16
    [created_by] => 
    [department_id] => 1
    [progress] => 0
    [estimated_hours] => 
    [actual_hours] => 0
    [customer_id] => 1
    [building_size] => 13412
    [building_type] => 13412
    [building_number] => 
    [project_order_type] => ["新規"]
    [amount] => 
    [created_at] => 2025-06-24 11:45:47
)

[2025-06-24 11:46:33] [data] Array
(
    [project_number] => 134122
    [name] => tst
    [description] => 
    [status] => draft
    [priority] => medium
    [start_date] => 2025-06-11
    [end_date] => 2025-06-16
    [created_by] => 
    [department_id] => 1
    [progress] => 0
    [estimated_hours] => 
    [actual_hours] => 0
    [customer_id] => 1
    [building_size] => 13412
    [building_type] => 13412
    [building_number] => 
    [project_order_type] => ["新規"]
    [amount] => 
    [created_at] => 2025-06-24 11:46:33
)

[2025-06-24 11:47:00] [data] Array
(
    [project_number] => 134122
    [name] => tst
    [description] => 
    [status] => draft
    [priority] => medium
    [start_date] => 2025-06-11
    [end_date] => 2025-06-16
    [created_by] => 
    [department_id] => 1
    [progress] => 0
    [estimated_hours] => 
    [actual_hours] => 0
    [customer_id] => 1
    [building_size] => 13412
    [building_type] => 13412
    [building_number] => 
    [project_order_type] => ["新規"]
    [amount] => 
    [created_at] => 2025-06-24 11:47:00
)

[2025-06-24 18:03:52] [data] Array
(
    [project_number] => 124312
    [name] => test
    [description] => 
    [status] => confirming
    [priority] => medium
    [start_date] => 2025-06-25
    [end_date] => 2025-06-18
    [created_by] => 
    [department_id] => 1
    [progress] => 0
    [estimated_hours] => 
    [actual_hours] => 0
    [customer_id] => 1
    [building_size] => 124312
    [building_type] => 124312
    [building_number] => 
    [building_branch] => 124312
    [project_order_type] => ["新規","修正"]
    [amount] => 
    [created_at] => 2025-06-24 18:03:52
)

