[2025-06-17 12:24:53] [data] Array
(
    [project_number] => お施主様名
    [name] => お施主様名
    [description] => 
    [status] => draft
    [priority] => medium
    [start_date] => 2025-06-18
    [end_date] => 2025-06-18
    [created_by] => 
    [department_id] => 1
    [progress] => 0
    [estimated_hours] => 
    [actual_hours] => 0
    [customer_id] => 
    [building_size] => お施主様名
    [building_type] => お施主様名
    [project_order_type] => ["新規"]
    [amount] => 
    [created_at] => 2025-06-17 12:24:53
)

[2025-06-17 12:36:18] [data] Array
(
    [project_number] => お施主様名
    [name] => お施主様名
    [description] => 
    [status] => draft
    [priority] => medium
    [start_date] => 2025-06-17
    [end_date] => 2025-06-19
    [created_by] => 
    [department_id] => 1
    [progress] => 0
    [estimated_hours] => 
    [actual_hours] => 0
    [customer_id] => 
    [building_size] => お施主様名
    [building_type] => お施主様名
    [project_order_type] => ["新規"]
    [amount] => 
    [created_at] => 2025-06-17 12:36:18
)

[2025-06-17 13:03:24] [data] Array
(
    [project_number] => 会社名
    [name] => aaa
    [description] => 
    [status] => draft
    [priority] => medium
    [start_date] => 2025-06-18
    [end_date] => 2025-06-18
    [created_by] => 
    [department_id] => 1
    [progress] => 0
    [estimated_hours] => 
    [actual_hours] => 0
    [customer_id] => 1
    [building_size] => 会社名
    [building_type] => 会社名
    [project_order_type] => ["新規"]
    [amount] => 
    [created_at] => 2025-06-17 13:03:24
)

[2025-06-17 13:20:44] [data] Array
(
    [project_number] => 建物規模
    [name] => お施主様名
    [description] => 
    [status] => draft
    [priority] => medium
    [start_date] => 2025-06-18
    [end_date] => 2025-07-05
    [created_by] => 
    [department_id] => 1
    [progress] => 0
    [estimated_hours] => 
    [actual_hours] => 0
    [customer_id] => 1
    [building_size] => 建物規模
    [building_type] => 建物規模
    [project_order_type] => ["新規"]
    [amount] => 
    [created_at] => 2025-06-17 13:20:44
)

